TN:
SF:/Users/i318440/git/URL-Shortner/server/app.js
FN:17,(anonymous_0)
FNF:1
FNH:1
FNDA:13,(anonymous_0)
DA:1,1
DA:3,1
DA:16,1
DA:17,1
DA:18,13
DA:19,13
DA:20,13
DA:24,13
DA:25,0
DA:27,13
DA:30,1
DA:32,1
DA:34,1
LF:13
LH:12
BRDA:24,0,0,0
BRDA:24,0,1,13
BRF:2
BRH:1
end_of_record
TN:
SF:/Users/i318440/git/URL-Shortner/server/db/config.js
FNF:0
FNH:0
DA:1,1
DA:2,1
DA:3,1
DA:6,1
LF:4
LH:4
BRF:0
BRH:0
end_of_record
TN:
SF:/Users/i318440/git/URL-Shortner/server/db/db.js
FN:23,(anonymous_0)
FN:28,(anonymous_1)
FN:33,(anonymous_2)
FNF:3
FNH:1
FNDA:1,(anonymous_0)
FNDA:0,(anonymous_1)
FNDA:0,(anonymous_2)
DA:3,1
DA:4,1
DA:5,1
DA:6,1
DA:8,1
DA:20,1
DA:23,1
DA:24,1
DA:28,1
DA:29,0
DA:33,1
DA:34,0
DA:37,1
LF:13
LH:11
BRDA:5,0,0,0
BRDA:5,0,1,1
BRDA:6,1,0,1
BRDA:6,1,1,0
BRF:4
BRH:2
end_of_record
TN:
SF:/Users/i318440/git/URL-Shortner/server/db/models/UrlShorten.js
FNF:0
FNH:0
DA:1,1
DA:2,1
DA:4,1
DA:12,1
LF:4
LH:4
BRF:0
BRH:0
end_of_record
TN:
SF:/Users/i318440/git/URL-Shortner/server/routes/urlshorten.js
FN:6,(anonymous_0)
FN:8,(anonymous_1)
FN:23,(anonymous_2)
FNF:3
FNH:3
FNDA:1,(anonymous_0)
FNDA:3,(anonymous_1)
FNDA:10,(anonymous_2)
DA:1,1
DA:2,1
DA:3,1
DA:4,1
DA:6,1
DA:8,1
DA:9,3
DA:10,3
DA:11,3
DA:12,2
DA:13,1
DA:15,1
DA:18,1
DA:23,1
DA:24,10
DA:25,10
DA:26,2
DA:33,8
DA:35,8
DA:36,8
DA:37,6
DA:38,1
DA:40,5
DA:41,5
DA:42,5
DA:48,5
DA:49,5
DA:52,2
LF:28
LH:28
BRDA:12,0,0,1
BRDA:12,0,1,1
BRDA:25,1,0,2
BRDA:25,1,1,8
BRDA:25,2,0,10
BRDA:25,2,1,9
BRDA:37,3,0,1
BRDA:37,3,1,5
BRF:8
BRH:8
end_of_record
